2025-04-24 18:19:34,908 INFO:Determining eligibility for 2025
2025-04-24 18:19:35,116 WARNING:'hours_worked' missing; skipping hours requirement.
2025-04-24 18:19:35,116 INFO:Eligibility determined: 9456 eligible employees.
2025-04-24 18:19:35,116 INFO:Applying Auto Enrollment for 2025
2025-04-24 18:19:35,117 DEBUG:[Proactive AE] probability=5.00%
2025-04-24 18:19:35,118 DEBUG:[Proactive AE] newly eligible count=978
2025-04-24 18:19:35,118 DEBUG:[Proactive AE] candidate count=978
2025-04-24 18:19:35,119 INFO:44 proactively enrolled at eligibility.
2025-04-24 18:19:35,119 INFO:Targeting 857 employees for AE.
2025-04-24 18:19:35,388 INFO:AE Applied: 778 enrolled, -699 opted out.
2025-04-24 18:19:35,401 DEBUG:Termination proration debug output:
2025-04-24 18:19:35,402 DEBUG:Row 0: term_date=2025-12-11, gross_comp=8954.11, days_worked=345, total_days=365, proration_factor=0.9452, plan_year_compensation_new=8463.47
2025-04-24 18:19:35,402 DEBUG:Row 7: term_date=2025-12-02, gross_comp=1412.08, days_worked=336, total_days=365, proration_factor=0.9205, plan_year_compensation_new=1299.89
2025-04-24 18:19:35,402 DEBUG:Row 11: term_date=2025-07-10, gross_comp=45076.65, days_worked=191, total_days=365, proration_factor=0.5233, plan_year_compensation_new=23588.06
2025-04-24 18:19:35,402 DEBUG:Row 18: term_date=2025-04-11, gross_comp=1563.14, days_worked=101, total_days=365, proration_factor=0.2767, plan_year_compensation_new=432.54
2025-04-24 18:19:35,402 DEBUG:Row 19: term_date=2025-10-04, gross_comp=8781.35, days_worked=277, total_days=365, proration_factor=0.7589, plan_year_compensation_new=6664.20
2025-04-24 18:19:35,403 INFO:Prorated plan_year_compensation for 800 terminated participants.
2025-04-24 18:19:35,403 DEBUG:Proration factor stats: min=0.0027, max=1.0000, mean=0.4792
2025-04-24 18:19:35,895 INFO:Determining eligibility for 2026
2025-04-24 18:19:36,114 WARNING:'hours_worked' missing; skipping hours requirement.
2025-04-24 18:19:36,114 INFO:Eligibility determined: 9760 eligible employees.
2025-04-24 18:19:36,114 INFO:Applying Auto Enrollment for 2026
2025-04-24 18:19:36,115 DEBUG:[Proactive AE] probability=5.00%
2025-04-24 18:19:36,115 DEBUG:[Proactive AE] newly eligible count=1015
2025-04-24 18:19:36,115 DEBUG:[Proactive AE] candidate count=1004
2025-04-24 18:19:36,116 INFO:48 proactively enrolled at eligibility.
2025-04-24 18:19:36,116 INFO:Targeting 865 employees for AE.
2025-04-24 18:19:36,398 INFO:AE Applied: 780 enrolled, -695 opted out.
2025-04-24 18:19:36,413 DEBUG:Termination proration debug output:
2025-04-24 18:19:36,414 DEBUG:Row 15: term_date=2026-03-08, gross_comp=598.69, days_worked=67, total_days=365, proration_factor=0.1836, plan_year_compensation_new=109.90
2025-04-24 18:19:36,414 DEBUG:Row 29: term_date=2026-08-09, gross_comp=90.92, days_worked=221, total_days=365, proration_factor=0.6055, plan_year_compensation_new=55.05
2025-04-24 18:19:36,414 DEBUG:Row 41: term_date=2026-10-09, gross_comp=1777.35, days_worked=282, total_days=365, proration_factor=0.7726, plan_year_compensation_new=1373.19
2025-04-24 18:19:36,414 DEBUG:Row 55: term_date=2026-12-21, gross_comp=12017.80, days_worked=355, total_days=365, proration_factor=0.9726, plan_year_compensation_new=11688.54
2025-04-24 18:19:36,414 DEBUG:Row 80: term_date=2026-11-07, gross_comp=337.79, days_worked=311, total_days=365, proration_factor=0.8521, plan_year_compensation_new=287.82
2025-04-24 18:19:36,415 INFO:Prorated plan_year_compensation for 823 terminated participants.
2025-04-24 18:19:36,415 DEBUG:Proration factor stats: min=0.0027, max=1.0000, mean=0.4946
2025-04-24 18:19:36,935 INFO:Determining eligibility for 2027
2025-04-24 18:19:37,147 WARNING:'hours_worked' missing; skipping hours requirement.
2025-04-24 18:19:37,148 INFO:Eligibility determined: 10077 eligible employees.
2025-04-24 18:19:37,148 INFO:Applying Auto Enrollment for 2027
2025-04-24 18:19:37,148 DEBUG:[Proactive AE] probability=5.00%
2025-04-24 18:19:37,148 DEBUG:[Proactive AE] newly eligible count=1046
2025-04-24 18:19:37,149 DEBUG:[Proactive AE] candidate count=1029
2025-04-24 18:19:37,150 INFO:46 proactively enrolled at eligibility.
2025-04-24 18:19:37,150 INFO:Targeting 923 employees for AE.
2025-04-24 18:19:37,464 INFO:AE Applied: 826 enrolled, -729 opted out.
2025-04-24 18:19:37,478 DEBUG:Termination proration debug output:
2025-04-24 18:19:37,479 DEBUG:Row 15: term_date=2027-01-08, gross_comp=3196.22, days_worked=8, total_days=365, proration_factor=0.0219, plan_year_compensation_new=70.05
2025-04-24 18:19:37,479 DEBUG:Row 29: term_date=2027-04-27, gross_comp=715.94, days_worked=117, total_days=365, proration_factor=0.3205, plan_year_compensation_new=229.49
2025-04-24 18:19:37,479 DEBUG:Row 54: term_date=2027-12-29, gross_comp=7.85, days_worked=363, total_days=365, proration_factor=0.9945, plan_year_compensation_new=7.81
2025-04-24 18:19:37,479 DEBUG:Row 79: term_date=2027-08-02, gross_comp=9528.27, days_worked=214, total_days=365, proration_factor=0.5863, plan_year_compensation_new=5586.44
2025-04-24 18:19:37,479 DEBUG:Row 124: term_date=2027-10-06, gross_comp=14.79, days_worked=279, total_days=365, proration_factor=0.7644, plan_year_compensation_new=11.30
2025-04-24 18:19:37,480 INFO:Prorated plan_year_compensation for 849 terminated participants.
2025-04-24 18:19:37,480 DEBUG:Proration factor stats: min=0.0027, max=1.0000, mean=0.5140
2025-04-24 18:19:38,039 INFO:Determining eligibility for 2028
2025-04-24 18:19:38,294 WARNING:'hours_worked' missing; skipping hours requirement.
2025-04-24 18:19:38,294 INFO:Eligibility determined: 10422 eligible employees.
2025-04-24 18:19:38,295 INFO:Applying Auto Enrollment for 2028
2025-04-24 18:19:38,295 DEBUG:[Proactive AE] probability=5.00%
2025-04-24 18:19:38,295 DEBUG:[Proactive AE] newly eligible count=1087
2025-04-24 18:19:38,296 DEBUG:[Proactive AE] candidate count=1063
2025-04-24 18:19:38,296 INFO:62 proactively enrolled at eligibility.
2025-04-24 18:19:38,297 INFO:Targeting 918 employees for AE.
2025-04-24 18:19:38,593 INFO:AE Applied: 808 enrolled, -698 opted out.
2025-04-24 18:19:38,607 DEBUG:Termination proration debug output:
2025-04-24 18:19:38,608 DEBUG:Row 28: term_date=2028-08-06, gross_comp=91.41, days_worked=219, total_days=366, proration_factor=0.5984, plan_year_compensation_new=54.70
2025-04-24 18:19:38,608 DEBUG:Row 53: term_date=2028-03-17, gross_comp=2029.34, days_worked=77, total_days=366, proration_factor=0.2104, plan_year_compensation_new=426.94
2025-04-24 18:19:38,608 DEBUG:Row 78: term_date=2028-07-05, gross_comp=5111.05, days_worked=187, total_days=366, proration_factor=0.5109, plan_year_compensation_new=2611.38
2025-04-24 18:19:38,608 DEBUG:Row 150: term_date=2028-06-09, gross_comp=6486.85, days_worked=161, total_days=366, proration_factor=0.4399, plan_year_compensation_new=2853.50
2025-04-24 18:19:38,608 DEBUG:Row 151: term_date=2028-01-04, gross_comp=813.79, days_worked=4, total_days=366, proration_factor=0.0109, plan_year_compensation_new=8.89
2025-04-24 18:19:38,609 INFO:Prorated plan_year_compensation for 877 terminated participants.
2025-04-24 18:19:38,609 DEBUG:Proration factor stats: min=0.0027, max=1.0000, mean=0.4963
2025-04-24 18:19:39,160 INFO:Determining eligibility for 2029
2025-04-24 18:19:39,387 WARNING:'hours_worked' missing; skipping hours requirement.
2025-04-24 18:19:39,387 INFO:Eligibility determined: 10826 eligible employees.
2025-04-24 18:19:39,387 INFO:Applying Auto Enrollment for 2029
2025-04-24 18:19:39,388 DEBUG:[Proactive AE] probability=5.00%
2025-04-24 18:19:39,388 DEBUG:[Proactive AE] newly eligible count=1135
2025-04-24 18:19:39,388 DEBUG:[Proactive AE] candidate count=1103
2025-04-24 18:19:39,389 INFO:62 proactively enrolled at eligibility.
2025-04-24 18:19:39,389 INFO:Targeting 971 employees for AE.
2025-04-24 18:19:39,711 INFO:AE Applied: 879 enrolled, -787 opted out.
2025-04-24 18:19:39,725 DEBUG:Termination proration debug output:
2025-04-24 18:19:39,726 DEBUG:Row 28: term_date=2029-03-25, gross_comp=282.53, days_worked=84, total_days=365, proration_factor=0.2301, plan_year_compensation_new=65.02
2025-04-24 18:19:39,726 DEBUG:Row 53: term_date=2029-02-20, gross_comp=358.76, days_worked=51, total_days=365, proration_factor=0.1397, plan_year_compensation_new=50.13
2025-04-24 18:19:39,726 DEBUG:Row 78: term_date=2029-12-24, gross_comp=519.87, days_worked=358, total_days=365, proration_factor=0.9808, plan_year_compensation_new=509.90
2025-04-24 18:19:39,726 DEBUG:Row 150: term_date=2029-01-12, gross_comp=74.31, days_worked=12, total_days=365, proration_factor=0.0329, plan_year_compensation_new=2.44
2025-04-24 18:19:39,727 DEBUG:Row 151: term_date=2029-10-16, gross_comp=14.49, days_worked=289, total_days=365, proration_factor=0.7918, plan_year_compensation_new=11.47
2025-04-24 18:19:39,727 INFO:Prorated plan_year_compensation for 907 terminated participants.
2025-04-24 18:19:39,727 DEBUG:Proration factor stats: min=0.0027, max=1.0000, mean=0.4992
2025-04-24 18:19:40,272 INFO:Determining eligibility for 2025
2025-04-24 18:19:40,475 WARNING:'hours_worked' missing; skipping hours requirement.
2025-04-24 18:19:40,475 INFO:Eligibility determined: 9455 eligible employees.
2025-04-24 18:19:40,476 INFO:Applying Auto Enrollment for 2025
2025-04-24 18:19:40,476 DEBUG:[Proactive AE] probability=5.00%
2025-04-24 18:19:40,476 DEBUG:[Proactive AE] newly eligible count=977
2025-04-24 18:19:40,477 DEBUG:[Proactive AE] candidate count=977
2025-04-24 18:19:40,478 INFO:58 proactively enrolled at eligibility.
2025-04-24 18:19:40,478 INFO:Targeting 820 employees for AE.
2025-04-24 18:19:40,750 INFO:AE Applied: 722 enrolled, -624 opted out.
2025-04-24 18:19:40,753 DEBUG:AI candidates: 1000 / 10278
2025-04-24 18:19:40,753 INFO:Auto Increase applied to 1000 employees: +1.0% (cap 6.0%)
2025-04-24 18:19:40,767 DEBUG:Termination proration debug output:
2025-04-24 18:19:40,769 DEBUG:Row 0: term_date=2025-05-13, gross_comp=1657.04, days_worked=133, total_days=365, proration_factor=0.3644, plan_year_compensation_new=603.80
2025-04-24 18:19:40,769 DEBUG:Row 7: term_date=2025-06-14, gross_comp=5975.01, days_worked=165, total_days=365, proration_factor=0.4521, plan_year_compensation_new=2701.03
2025-04-24 18:19:40,769 DEBUG:Row 11: term_date=2025-08-28, gross_comp=1762.49, days_worked=240, total_days=365, proration_factor=0.6575, plan_year_compensation_new=1158.90
2025-04-24 18:19:40,769 DEBUG:Row 18: term_date=2025-01-29, gross_comp=4808.51, days_worked=29, total_days=365, proration_factor=0.0795, plan_year_compensation_new=382.05
2025-04-24 18:19:40,769 DEBUG:Row 19: term_date=2025-09-05, gross_comp=6360.89, days_worked=248, total_days=365, proration_factor=0.6795, plan_year_compensation_new=4321.92
2025-04-24 18:19:40,769 INFO:Prorated plan_year_compensation for 800 terminated participants.
2025-04-24 18:19:40,769 DEBUG:Proration factor stats: min=0.0055, max=1.0000, mean=0.5160
2025-04-24 18:19:41,277 INFO:Determining eligibility for 2026
2025-04-24 18:19:41,484 WARNING:'hours_worked' missing; skipping hours requirement.
2025-04-24 18:19:41,484 INFO:Eligibility determined: 9761 eligible employees.
2025-04-24 18:19:41,484 INFO:Applying Auto Enrollment for 2026
2025-04-24 18:19:41,485 DEBUG:[Proactive AE] probability=5.00%
2025-04-24 18:19:41,485 DEBUG:[Proactive AE] newly eligible count=1007
2025-04-24 18:19:41,485 DEBUG:[Proactive AE] candidate count=998
2025-04-24 18:19:41,486 INFO:42 proactively enrolled at eligibility.
2025-04-24 18:19:41,487 INFO:Targeting 876 employees for AE.
2025-04-24 18:19:41,772 INFO:AE Applied: 769 enrolled, -662 opted out.
2025-04-24 18:19:41,773 DEBUG:AI candidates: 2027 / 10613
2025-04-24 18:19:41,773 INFO:Auto Increase applied to 2027 employees: +1.0% (cap 6.0%)
2025-04-24 18:19:41,787 DEBUG:Termination proration debug output:
2025-04-24 18:19:41,789 DEBUG:Row 15: term_date=2026-06-29, gross_comp=359.14, days_worked=180, total_days=365, proration_factor=0.4932, plan_year_compensation_new=177.11
2025-04-24 18:19:41,789 DEBUG:Row 29: term_date=2026-07-14, gross_comp=14492.82, days_worked=195, total_days=365, proration_factor=0.5342, plan_year_compensation_new=7742.74
2025-04-24 18:19:41,789 DEBUG:Row 41: term_date=2026-07-31, gross_comp=30511.64, days_worked=212, total_days=365, proration_factor=0.5808, plan_year_compensation_new=17721.83
2025-04-24 18:19:41,789 DEBUG:Row 55: term_date=2026-05-28, gross_comp=1573.02, days_worked=148, total_days=365, proration_factor=0.4055, plan_year_compensation_new=637.83
2025-04-24 18:19:41,789 DEBUG:Row 64: term_date=2026-08-18, gross_comp=5792.20, days_worked=230, total_days=365, proration_factor=0.6301, plan_year_compensation_new=3649.88
2025-04-24 18:19:41,789 INFO:Prorated plan_year_compensation for 823 terminated participants.
2025-04-24 18:19:41,789 DEBUG:Proration factor stats: min=0.0027, max=1.0000, mean=0.5007
2025-04-24 18:19:42,306 INFO:Determining eligibility for 2027
2025-04-24 18:19:42,533 WARNING:'hours_worked' missing; skipping hours requirement.
2025-04-24 18:19:42,533 INFO:Eligibility determined: 10092 eligible employees.
2025-04-24 18:19:42,534 INFO:Applying Auto Enrollment for 2027
2025-04-24 18:19:42,534 DEBUG:[Proactive AE] probability=5.00%
2025-04-24 18:19:42,534 DEBUG:[Proactive AE] newly eligible count=1051
2025-04-24 18:19:42,535 DEBUG:[Proactive AE] candidate count=1032
2025-04-24 18:19:42,536 INFO:66 proactively enrolled at eligibility.
2025-04-24 18:19:42,536 INFO:Targeting 877 employees for AE.
2025-04-24 18:19:42,822 INFO:AE Applied: 788 enrolled, -699 opted out.
2025-04-24 18:19:42,823 DEBUG:AI candidates: 2380 / 10971
2025-04-24 18:19:42,824 INFO:Auto Increase applied to 2380 employees: +1.0% (cap 6.0%)
2025-04-24 18:19:42,838 DEBUG:Termination proration debug output:
2025-04-24 18:19:42,839 DEBUG:Row 15: term_date=2027-02-06, gross_comp=17722.68, days_worked=37, total_days=365, proration_factor=0.1014, plan_year_compensation_new=1796.55
2025-04-24 18:19:42,839 DEBUG:Row 29: term_date=2027-09-07, gross_comp=148.03, days_worked=250, total_days=365, proration_factor=0.6849, plan_year_compensation_new=101.39
2025-04-24 18:19:42,840 DEBUG:Row 54: term_date=2027-01-19, gross_comp=396.74, days_worked=19, total_days=365, proration_factor=0.0521, plan_year_compensation_new=20.65
2025-04-24 18:19:42,840 DEBUG:Row 63: term_date=2027-02-19, gross_comp=6077.06, days_worked=50, total_days=365, proration_factor=0.1370, plan_year_compensation_new=832.47
2025-04-24 18:19:42,840 DEBUG:Row 80: term_date=2027-08-26, gross_comp=5879.48, days_worked=238, total_days=365, proration_factor=0.6521, plan_year_compensation_new=3833.74
2025-04-24 18:19:42,840 INFO:Prorated plan_year_compensation for 850 terminated participants.
2025-04-24 18:19:42,840 DEBUG:Proration factor stats: min=0.0027, max=0.9973, mean=0.5150
2025-04-24 18:19:43,373 INFO:Determining eligibility for 2028
2025-04-24 18:19:43,602 WARNING:'hours_worked' missing; skipping hours requirement.
2025-04-24 18:19:43,602 INFO:Eligibility determined: 10442 eligible employees.
2025-04-24 18:19:43,603 INFO:Applying Auto Enrollment for 2028
2025-04-24 18:19:43,603 DEBUG:[Proactive AE] probability=5.00%
2025-04-24 18:19:43,603 DEBUG:[Proactive AE] newly eligible count=1089
2025-04-24 18:19:43,604 DEBUG:[Proactive AE] candidate count=1061
2025-04-24 18:19:43,604 INFO:51 proactively enrolled at eligibility.
2025-04-24 18:19:43,605 INFO:Targeting 900 employees for AE.
2025-04-24 18:19:43,898 INFO:AE Applied: 812 enrolled, -724 opted out.
2025-04-24 18:19:43,899 DEBUG:AI candidates: 2658 / 11356
2025-04-24 18:19:43,900 INFO:Auto Increase applied to 2658 employees: +1.0% (cap 6.0%)
2025-04-24 18:19:43,914 DEBUG:Termination proration debug output:
2025-04-24 18:19:43,915 DEBUG:Row 28: term_date=2028-08-17, gross_comp=2207.79, days_worked=230, total_days=366, proration_factor=0.6284, plan_year_compensation_new=1387.41
2025-04-24 18:19:43,915 DEBUG:Row 53: term_date=2028-05-21, gross_comp=10.50, days_worked=142, total_days=366, proration_factor=0.3880, plan_year_compensation_new=4.08
2025-04-24 18:19:43,915 DEBUG:Row 62: term_date=2028-10-11, gross_comp=1643.02, days_worked=285, total_days=366, proration_factor=0.7787, plan_year_compensation_new=1279.40
2025-04-24 18:19:43,915 DEBUG:Row 79: term_date=2028-08-04, gross_comp=175.54, days_worked=217, total_days=366, proration_factor=0.5929, plan_year_compensation_new=104.08
2025-04-24 18:19:43,915 DEBUG:Row 151: term_date=2028-06-29, gross_comp=78246.74, days_worked=181, total_days=366, proration_factor=0.4945, plan_year_compensation_new=38695.79
2025-04-24 18:19:43,916 INFO:Prorated plan_year_compensation for 878 terminated participants.
2025-04-24 18:19:43,916 DEBUG:Proration factor stats: min=0.0027, max=0.9973, mean=0.4851
2025-04-24 18:19:44,469 INFO:Determining eligibility for 2029
2025-04-24 18:19:44,711 WARNING:'hours_worked' missing; skipping hours requirement.
2025-04-24 18:19:44,711 INFO:Eligibility determined: 10844 eligible employees.
2025-04-24 18:19:44,711 INFO:Applying Auto Enrollment for 2029
2025-04-24 18:19:44,712 DEBUG:[Proactive AE] probability=5.00%
2025-04-24 18:19:44,712 DEBUG:[Proactive AE] newly eligible count=1133
2025-04-24 18:19:44,712 DEBUG:[Proactive AE] candidate count=1100
2025-04-24 18:19:44,713 INFO:57 proactively enrolled at eligibility.
2025-04-24 18:19:44,713 INFO:Targeting 929 employees for AE.
2025-04-24 18:19:45,027 INFO:AE Applied: 811 enrolled, -693 opted out.
2025-04-24 18:19:45,028 DEBUG:AI candidates: 2911 / 11788
2025-04-24 18:19:45,029 INFO:Auto Increase applied to 2911 employees: +1.0% (cap 6.0%)
2025-04-24 18:19:45,044 DEBUG:Termination proration debug output:
2025-04-24 18:19:45,045 DEBUG:Row 28: term_date=2029-04-13, gross_comp=601.27, days_worked=103, total_days=365, proration_factor=0.2822, plan_year_compensation_new=169.67
2025-04-24 18:19:45,045 DEBUG:Row 53: term_date=2029-02-07, gross_comp=5.32, days_worked=38, total_days=365, proration_factor=0.1041, plan_year_compensation_new=0.55
2025-04-24 18:19:45,045 DEBUG:Row 62: term_date=2029-07-26, gross_comp=341.84, days_worked=207, total_days=365, proration_factor=0.5671, plan_year_compensation_new=193.87
2025-04-24 18:19:45,045 DEBUG:Row 79: term_date=2029-09-14, gross_comp=9543.10, days_worked=257, total_days=365, proration_factor=0.7041, plan_year_compensation_new=6719.39
2025-04-24 18:19:45,045 DEBUG:Row 151: term_date=2029-07-23, gross_comp=1000.65, days_worked=204, total_days=365, proration_factor=0.5589, plan_year_compensation_new=559.27
2025-04-24 18:19:45,045 INFO:Prorated plan_year_compensation for 909 terminated participants.
2025-04-24 18:19:45,045 DEBUG:Proration factor stats: min=0.0027, max=1.0000, mean=0.5000
2025-04-24 18:19:45,588 INFO:Determining eligibility for 2025
2025-04-24 18:19:45,800 WARNING:'hours_worked' missing; skipping hours requirement.
2025-04-24 18:19:45,800 INFO:Eligibility determined: 9455 eligible employees.
2025-04-24 18:19:45,801 INFO:Applying Auto Enrollment for 2025
2025-04-24 18:19:45,801 DEBUG:[Proactive AE] probability=5.00%
2025-04-24 18:19:45,801 DEBUG:[Proactive AE] newly eligible count=977
2025-04-24 18:19:45,802 DEBUG:[Proactive AE] candidate count=977
2025-04-24 18:19:45,803 INFO:56 proactively enrolled at eligibility.
2025-04-24 18:19:45,804 INFO:Re-enrolled 7 existing participants at default rate 2.00%
2025-04-24 18:19:45,804 INFO:Targeting 835 employees for AE.
2025-04-24 18:19:46,065 INFO:AE Applied: 728 enrolled, -621 opted out.
2025-04-24 18:19:46,066 DEBUG:AI candidates: 7258 / 10278
2025-04-24 18:19:46,066 INFO:Auto Increase applied to 7258 employees: +1.0% (cap 6.0%)
2025-04-24 18:19:46,079 DEBUG:Termination proration debug output:
2025-04-24 18:19:46,080 DEBUG:Row 0: term_date=2025-11-05, gross_comp=106.73, days_worked=309, total_days=365, proration_factor=0.8466, plan_year_compensation_new=90.35
2025-04-24 18:19:46,080 DEBUG:Row 7: term_date=2025-04-30, gross_comp=264.28, days_worked=120, total_days=365, proration_factor=0.3288, plan_year_compensation_new=86.89
2025-04-24 18:19:46,080 DEBUG:Row 11: term_date=2025-03-21, gross_comp=25618.22, days_worked=80, total_days=365, proration_factor=0.2192, plan_year_compensation_new=5614.95
2025-04-24 18:19:46,080 DEBUG:Row 18: term_date=2025-10-03, gross_comp=8931.42, days_worked=276, total_days=365, proration_factor=0.7562, plan_year_compensation_new=6753.62
2025-04-24 18:19:46,080 DEBUG:Row 19: term_date=2025-01-10, gross_comp=7328.27, days_worked=10, total_days=365, proration_factor=0.0274, plan_year_compensation_new=200.77
2025-04-24 18:19:46,081 INFO:Prorated plan_year_compensation for 800 terminated participants.
2025-04-24 18:19:46,081 DEBUG:Proration factor stats: min=0.0027, max=1.0000, mean=0.4845
2025-04-24 18:19:46,583 INFO:Determining eligibility for 2026
2025-04-24 18:19:46,803 WARNING:'hours_worked' missing; skipping hours requirement.
2025-04-24 18:19:46,803 INFO:Eligibility determined: 9768 eligible employees.
2025-04-24 18:19:46,804 INFO:Applying Auto Enrollment for 2026
2025-04-24 18:19:46,804 DEBUG:[Proactive AE] probability=5.00%
2025-04-24 18:19:46,804 DEBUG:[Proactive AE] newly eligible count=1019
2025-04-24 18:19:46,805 DEBUG:[Proactive AE] candidate count=1006
2025-04-24 18:19:46,806 INFO:50 proactively enrolled at eligibility.
2025-04-24 18:19:46,806 INFO:Re-enrolled 976 existing participants at default rate 2.00%
2025-04-24 18:19:46,807 INFO:Targeting 868 employees for AE.
2025-04-24 18:19:47,095 INFO:AE Applied: 787 enrolled, -706 opted out.
2025-04-24 18:19:47,096 DEBUG:AI candidates: 7436 / 10612
2025-04-24 18:19:47,096 INFO:Auto Increase applied to 7436 employees: +1.0% (cap 6.0%)
2025-04-24 18:19:47,111 DEBUG:Termination proration debug output:
2025-04-24 18:19:47,112 DEBUG:Row 15: term_date=2026-04-15, gross_comp=3708.18, days_worked=105, total_days=365, proration_factor=0.2877, plan_year_compensation_new=1066.74
2025-04-24 18:19:47,112 DEBUG:Row 29: term_date=2026-08-17, gross_comp=1198.39, days_worked=229, total_days=365, proration_factor=0.6274, plan_year_compensation_new=751.87
2025-04-24 18:19:47,112 DEBUG:Row 41: term_date=2026-06-15, gross_comp=3334.17, days_worked=166, total_days=365, proration_factor=0.4548, plan_year_compensation_new=1516.36
2025-04-24 18:19:47,112 DEBUG:Row 55: term_date=2026-05-31, gross_comp=6065.60, days_worked=151, total_days=365, proration_factor=0.4137, plan_year_compensation_new=2509.33
2025-04-24 18:19:47,112 DEBUG:Row 64: term_date=2026-11-09, gross_comp=3540.82, days_worked=313, total_days=365, proration_factor=0.8575, plan_year_compensation_new=3036.38
2025-04-24 18:19:47,113 INFO:Prorated plan_year_compensation for 823 terminated participants.
2025-04-24 18:19:47,113 DEBUG:Proration factor stats: min=0.0027, max=1.0000, mean=0.5067
2025-04-24 18:19:47,627 INFO:Determining eligibility for 2027
2025-04-24 18:19:47,856 WARNING:'hours_worked' missing; skipping hours requirement.
2025-04-24 18:19:47,856 INFO:Eligibility determined: 10090 eligible employees.
2025-04-24 18:19:47,856 INFO:Applying Auto Enrollment for 2027
2025-04-24 18:19:47,857 DEBUG:[Proactive AE] probability=5.00%
2025-04-24 18:19:47,857 DEBUG:[Proactive AE] newly eligible count=1043
2025-04-24 18:19:47,857 DEBUG:[Proactive AE] candidate count=1029
2025-04-24 18:19:47,858 INFO:43 proactively enrolled at eligibility.
2025-04-24 18:19:47,859 INFO:Re-enrolled 60 existing participants at default rate 2.00%
2025-04-24 18:19:47,859 INFO:Targeting 885 employees for AE.
2025-04-24 18:19:48,179 INFO:AE Applied: 794 enrolled, -703 opted out.
2025-04-24 18:19:48,180 DEBUG:AI candidates: 6919 / 10971
2025-04-24 18:19:48,180 INFO:Auto Increase applied to 6919 employees: +1.0% (cap 6.0%)
2025-04-24 18:19:48,196 DEBUG:Termination proration debug output:
2025-04-24 18:19:48,198 DEBUG:Row 15: term_date=2027-06-07, gross_comp=816.59, days_worked=158, total_days=365, proration_factor=0.4329, plan_year_compensation_new=353.48
2025-04-24 18:19:48,198 DEBUG:Row 29: term_date=2027-11-21, gross_comp=3569.35, days_worked=325, total_days=365, proration_factor=0.8904, plan_year_compensation_new=3178.19
2025-04-24 18:19:48,198 DEBUG:Row 54: term_date=2027-12-28, gross_comp=21358.07, days_worked=362, total_days=365, proration_factor=0.9918, plan_year_compensation_new=21182.52
2025-04-24 18:19:48,198 DEBUG:Row 63: term_date=2027-04-11, gross_comp=7825.11, days_worked=101, total_days=365, proration_factor=0.2767, plan_year_compensation_new=2165.30
2025-04-24 18:19:48,198 DEBUG:Row 80: term_date=2027-05-15, gross_comp=177.36, days_worked=135, total_days=365, proration_factor=0.3699, plan_year_compensation_new=65.60
2025-04-24 18:19:48,198 INFO:Prorated plan_year_compensation for 849 terminated participants.
2025-04-24 18:19:48,198 DEBUG:Proration factor stats: min=0.0027, max=1.0000, mean=0.5062
2025-04-24 18:19:48,744 INFO:Determining eligibility for 2028
2025-04-24 18:19:48,978 WARNING:'hours_worked' missing; skipping hours requirement.
2025-04-24 18:19:48,978 INFO:Eligibility determined: 10438 eligible employees.
2025-04-24 18:19:48,978 INFO:Applying Auto Enrollment for 2028
2025-04-24 18:19:48,979 DEBUG:[Proactive AE] probability=5.00%
2025-04-24 18:19:48,979 DEBUG:[Proactive AE] newly eligible count=1098
2025-04-24 18:19:48,979 DEBUG:[Proactive AE] candidate count=1072
2025-04-24 18:19:48,980 INFO:59 proactively enrolled at eligibility.
2025-04-24 18:19:48,981 INFO:Re-enrolled 67 existing participants at default rate 2.00%
2025-04-24 18:19:48,981 INFO:Targeting 923 employees for AE.
2025-04-24 18:19:49,285 INFO:AE Applied: 821 enrolled, -719 opted out.
2025-04-24 18:19:49,286 DEBUG:AI candidates: 3782 / 11341
2025-04-24 18:19:49,286 INFO:Auto Increase applied to 3782 employees: +1.0% (cap 6.0%)
2025-04-24 18:19:49,301 DEBUG:Termination proration debug output:
2025-04-24 18:19:49,303 DEBUG:Row 28: term_date=2028-10-30, gross_comp=121.34, days_worked=304, total_days=366, proration_factor=0.8306, plan_year_compensation_new=100.79
2025-04-24 18:19:49,303 DEBUG:Row 53: term_date=2028-11-23, gross_comp=705.37, days_worked=328, total_days=366, proration_factor=0.8962, plan_year_compensation_new=632.13
2025-04-24 18:19:49,303 DEBUG:Row 62: term_date=2028-10-23, gross_comp=2.22, days_worked=297, total_days=366, proration_factor=0.8115, plan_year_compensation_new=1.80
2025-04-24 18:19:49,303 DEBUG:Row 79: term_date=2028-03-02, gross_comp=265.35, days_worked=62, total_days=366, proration_factor=0.1694, plan_year_compensation_new=44.95
2025-04-24 18:19:49,303 DEBUG:Row 151: term_date=2028-02-15, gross_comp=7.46, days_worked=46, total_days=366, proration_factor=0.1257, plan_year_compensation_new=0.94
2025-04-24 18:19:49,303 INFO:Prorated plan_year_compensation for 878 terminated participants.
2025-04-24 18:19:49,303 DEBUG:Proration factor stats: min=0.0027, max=1.0000, mean=0.4975
2025-04-24 18:19:49,854 INFO:Determining eligibility for 2029
2025-04-24 18:19:50,099 WARNING:'hours_worked' missing; skipping hours requirement.
2025-04-24 18:19:50,100 INFO:Eligibility determined: 10826 eligible employees.
2025-04-24 18:19:50,100 INFO:Applying Auto Enrollment for 2029
2025-04-24 18:19:50,100 DEBUG:[Proactive AE] probability=5.00%
2025-04-24 18:19:50,100 DEBUG:[Proactive AE] newly eligible count=1120
2025-04-24 18:19:50,101 DEBUG:[Proactive AE] candidate count=1101
2025-04-24 18:19:50,102 INFO:57 proactively enrolled at eligibility.
2025-04-24 18:19:50,103 INFO:Re-enrolled 85 existing participants at default rate 2.00%
2025-04-24 18:19:50,103 INFO:Targeting 946 employees for AE.
2025-04-24 18:19:50,435 INFO:AE Applied: 846 enrolled, -746 opted out.
2025-04-24 18:19:50,436 DEBUG:AI candidates: 3648 / 11767
2025-04-24 18:19:50,437 INFO:Auto Increase applied to 3648 employees: +1.0% (cap 6.0%)
2025-04-24 18:19:50,451 DEBUG:Termination proration debug output:
2025-04-24 18:19:50,453 DEBUG:Row 28: term_date=2029-07-31, gross_comp=11.81, days_worked=212, total_days=365, proration_factor=0.5808, plan_year_compensation_new=6.86
2025-04-24 18:19:50,453 DEBUG:Row 53: term_date=2029-06-07, gross_comp=22856.11, days_worked=158, total_days=365, proration_factor=0.4329, plan_year_compensation_new=9893.88
2025-04-24 18:19:50,453 DEBUG:Row 62: term_date=2029-08-08, gross_comp=353.83, days_worked=220, total_days=365, proration_factor=0.6027, plan_year_compensation_new=213.26
2025-04-24 18:19:50,453 DEBUG:Row 79: term_date=2029-12-19, gross_comp=103.81, days_worked=353, total_days=365, proration_factor=0.9671, plan_year_compensation_new=100.40
2025-04-24 18:19:50,453 DEBUG:Row 151: term_date=2029-06-14, gross_comp=314.37, days_worked=165, total_days=365, proration_factor=0.4521, plan_year_compensation_new=142.11
2025-04-24 18:19:50,453 INFO:Prorated plan_year_compensation for 908 terminated participants.
2025-04-24 18:19:50,453 DEBUG:Proration factor stats: min=0.0027, max=1.0000, mean=0.5108
